<?xml version='1.0' encoding='UTF-8'?>
<testsuite hostname="kitten" name="de.cfaed.sigi.TypeOpsSpec" tests="1" errors="0" failures="0" skipped="0" time="0.006" timestamp="2023-03-25T20:54:01">
          <properties>
      <property name="java.specification.version" value="17"/><property name="sun.jnu.encoding" value="UTF-8"/><property name="sun.arch.data.model" value="64"/><property name="java.vendor.url" value="http://www.azul.com/"/><property name="sun.boot.library.path" value="/home/clem/.sdkman/candidates/java/17.0.4.1.fx-zulu/lib"/><property name="sun.java.command" value="/home/clem/.sdkman/candidates/sbt/1.8.0/bin/sbt-launch.jar"/><property name="jdk.debug" value="release"/><property name="sun.stderr.encoding" value="UTF-8"/><property name="java.specification.vendor" value="Oracle Corporation"/><property name="java.version.date" value="2022-08-12"/><property name="java.home" value="/home/clem/.sdkman/candidates/java/17.0.4.1.fx-zulu"/><property name="file.separator" value="/"/><property name="java.vm.compressedOopsMode" value="32-bit"/><property name="line.separator" value="
"/><property name="sun.stdout.encoding" value="UTF-8"/><property name="java.vm.specification.vendor" value="Oracle Corporation"/><property name="java.specification.name" value="Java Platform API Specification"/><property name="sun.management.compiler" value="HotSpot 64-Bit Tiered Compilers"/><property name="java.runtime.version" value="17.0.4.1+1-LTS"/><property name="user.name" value="clem"/><property name="log4j.ignoreTCL" value="true"/><property name="file.encoding" value="UTF-8"/><property name="jnidispatch.path" value="/home/clem/.cache/JNA/temp/jna16569386942172706509.tmp"/><property name="java.vendor.version" value="Zulu17.36+17-CA"/><property name="jna.loaded" value="true"/><property name="java.io.tmpdir" value="/tmp"/><property name="java.version" value="17.0.4.1"/><property name="java.vm.specification.name" value="Java Virtual Machine Specification"/><property name="native.encoding" value="UTF-8"/><property name="java.library.path" value="/usr/java/packages/lib:/usr/lib64:/lib64:/lib:/usr/lib"/><property name="java.vendor" value="Azul Systems, Inc."/><property name="scala.ext.dirs" value="/home/clem/.sbt/1.0/java9-rt-ext-azul_systems__inc__17_0_4_1"/><property name="sun.io.unicode.encoding" value="UnicodeLittle"/><property name="java.class.path" value="/home/clem/.sdkman/candidates/sbt/1.8.0/bin/sbt-launch.jar"/><property name="java.vm.vendor" value="Azul Systems, Inc."/><property name="jline.shutdownhook" value="false"/><property name="user.timezone" value="Europe/Berlin"/><property name="java.vm.specification.version" value="17"/><property name="os.name" value="Linux"/><property name="sun.java.launcher" value="SUN_STANDARD"/><property name="user.country" value="DE"/><property name="sun.cpu.endian" value="little"/><property name="user.home" value="/home/clem"/><property name="user.language" value="de"/><property name="sbt.script" value="/home/clem/.sdkman/candidates/sbt/current/bin/sbt"/><property name="sbt.ipcsocket.tmpdir" value="/run/user/1000/.sbt46e9e471/ipcsocket"/><property name="swoval.tmpdir" value="/run/user/1000/.sbt46e9e471/swoval"/><property name="jline.esc.timeout" value="0"/><property name="path.separator" value=":"/><property name="os.version" value="5.19.0-35-generic"/><property name="jna.nosys" value="true"/><property name="java.runtime.name" value="OpenJDK Runtime Environment"/><property name="java.vm.name" value="OpenJDK 64-Bit Server VM"/><property name="jna.platform.library.path" value="/usr/lib/x86_64-linux-gnu:/lib/x86_64-linux-gnu:/usr/lib64:/lib64:/usr/lib:/lib:/libx32:/lib32:/usr/local/lib:/usr/lib/x86_64-linux-gnu/libfakeroot"/><property name="java.vendor.url.bug" value="http://www.azul.com/support/"/><property name="user.dir" value="/home/clem/Documents/CCC/kp-mlir/frontend"/><property name="os.arch" value="amd64"/><property name="java.vm.info" value="mixed mode, sharing"/><property name="java.vm.version" value="17.0.4.1+1-LTS"/><property name="java.class.version" value="61.0"/>
    </properties>
          <testcase classname="de.cfaed.sigi.TypeOpsSpec" name="'b, 'a -&gt; 'a should canonicalize to 'a, 'b -&gt; 'b" time="0.006">
                      
                    </testcase>
          <system-out><![CDATA[]]></system-out>
          <system-err><![CDATA[]]></system-err>
        </testsuite>